TN:
SF:src/auth.ts
FN:12,(anonymous_1)
FN:17,(anonymous_2)
FN:30,(anonymous_3)
FN:40,(anonymous_4)
FN:64,(anonymous_5)
FN:69,(anonymous_6)
FN:74,(anonymous_7)
FN:79,(anonymous_8)
FNF:8
FNH:5
FNDA:6,(anonymous_1)
FNDA:6,(anonymous_2)
FNDA:7,(anonymous_3)
FNDA:6,(anonymous_4)
FNDA:2,(anonymous_5)
FNDA:0,(anonymous_6)
FNDA:0,(anonymous_7)
FNDA:0,(anonymous_8)
DA:1,3
DA:4,3
DA:6,6
DA:7,6
DA:8,6
DA:9,6
DA:13,6
DA:14,6
DA:18,6
DA:20,6
DA:22,0
DA:24,0
DA:26,0
DA:32,7
DA:33,1
DA:37,6
DA:41,6
DA:42,6
DA:43,6
DA:45,6
DA:49,5
DA:50,5
DA:51,5
DA:52,5
DA:54,5
DA:55,0
DA:58,5
DA:60,1
DA:65,2
DA:70,0
DA:75,0
DA:80,0
LF:32
LH:25
BRDA:18,0,0,6
BRDA:18,0,1,0
BRDA:18,0,2,0
BRDA:18,0,3,0
BRDA:32,1,0,1
BRDA:32,2,0,7
BRDA:32,2,1,2
BRDA:32,2,2,2
BRDA:46,3,0,6
BRDA:46,3,1,0
BRDA:51,4,0,5
BRDA:51,4,1,0
BRDA:51,5,0,0
BRDA:51,5,1,5
BRDA:51,6,0,5
BRDA:51,6,1,5
BRDA:54,7,0,0
BRDA:60,8,0,1
BRDA:60,8,1,0
BRF:19
BRH:11
end_of_record
TN:
SF:src/client.ts
FN:11,(anonymous_1)
FN:25,(anonymous_2)
FN:41,(anonymous_3)
FN:57,(anonymous_4)
FN:62,(anonymous_5)
FN:88,(anonymous_6)
FN:101,(anonymous_7)
FN:105,(anonymous_8)
FN:109,(anonymous_9)
FNF:9
FNH:0
FNDA:0,(anonymous_1)
FNDA:0,(anonymous_2)
FNDA:0,(anonymous_3)
FNDA:0,(anonymous_4)
FNDA:0,(anonymous_5)
FNDA:0,(anonymous_6)
FNDA:0,(anonymous_7)
FNDA:0,(anonymous_8)
FNDA:0,(anonymous_9)
DA:1,2
DA:2,2
DA:6,2
DA:12,0
DA:13,0
DA:16,0
DA:22,0
DA:27,0
DA:28,0
DA:31,0
DA:32,0
DA:36,0
DA:41,0
DA:43,0
DA:44,0
DA:47,0
DA:48,0
DA:50,0
DA:52,0
DA:56,0
DA:59,0
DA:60,0
DA:64,0
DA:68,0
DA:69,0
DA:72,0
DA:75,0
DA:76,0
DA:77,0
DA:79,0
DA:83,0
DA:89,0
DA:91,0
DA:93,0
DA:95,0
DA:97,0
DA:102,0
DA:106,0
DA:110,0
LF:39
LH:3
BRDA:18,0,0,0
BRDA:18,0,1,0
BRDA:23,1,0,0
BRDA:23,1,1,0
BRDA:27,2,0,0
BRDA:31,3,0,0
BRDA:31,4,0,0
BRDA:31,4,1,0
BRDA:31,5,0,0
BRDA:31,5,1,0
BRDA:31,6,0,0
BRDA:31,6,1,0
BRDA:43,7,0,0
BRDA:43,8,0,0
BRDA:43,8,1,0
BRDA:43,9,0,0
BRDA:43,9,1,0
BRDA:47,10,0,0
BRDA:64,11,0,0
BRDA:65,12,0,0
BRDA:65,12,1,0
BRDA:65,13,0,0
BRDA:65,13,1,0
BRDA:65,14,0,0
BRDA:65,14,1,0
BRDA:66,15,0,0
BRDA:66,15,1,0
BRDA:66,16,0,0
BRDA:66,16,1,0
BRDA:68,17,0,0
BRDA:76,18,0,0
BRDA:76,18,1,0
BRDA:89,19,0,0
BRDA:89,19,1,0
BRDA:89,19,2,0
BRDA:89,19,3,0
BRF:36
BRH:0
end_of_record
TN:
SF:src/legajo.ts
FN:9,(anonymous_0)
FN:18,(anonymous_1)
FN:29,(anonymous_2)
FN:47,(anonymous_3)
FN:58,(anonymous_4)
FNF:5
FNH:5
FNDA:6,(anonymous_0)
FNDA:6,(anonymous_1)
FNDA:2,(anonymous_2)
FNDA:3,(anonymous_3)
FNDA:1,(anonymous_4)
DA:5,2
DA:10,6
DA:11,6
DA:19,6
DA:20,6
DA:30,2
DA:31,2
DA:32,1
DA:35,2
DA:39,2
DA:48,3
DA:49,3
DA:59,1
DA:60,1
LF:14
LH:14
BRDA:19,0,0,6
BRDA:19,0,1,1
BRDA:31,1,0,1
BRF:3
BRH:3
end_of_record
TN:
SF:src/sdk.ts
FN:11,(anonymous_0)
FN:22,(anonymous_1)
FNF:2
FNH:2
FNDA:4,(anonymous_0)
FNDA:2,(anonymous_1)
DA:1,1
DA:2,1
DA:3,1
DA:6,1
DA:12,4
DA:13,4
DA:14,4
DA:24,2
DA:28,2
DA:29,2
LF:10
LH:10
BRDA:24,0,0,1
BRDA:24,0,1,1
BRF:2
BRH:2
end_of_record
